<?xml version="1.0" encoding="UTF-8"?>
<!-- Generated by org.testng.reporters.JUnitReportReporter -->
<testsuite hostname="MohammadAbusalha" failures="0" tests="2" name="test1.AddRandomItem" time="0.587" errors="0" timestamp="2025-09-08T21:25:30 EET" skipped="0">
  <testcase classname="test1.AddRandomItem" name="LoginWithNoramlUser" time="0.372"/>
  <testcase classname="test1.AddRandomItem" name="AddRandomItem" time="0.215"/>
</testsuite> <!-- test1.AddRandomItem -->
