<?xml version="1.0" encoding="UTF-8"?>
<!-- Generated by org.testng.reporters.JUnitReportReporter -->
<testsuite hostname="MohammadAbusalha" failures="0" tests="3" name="test1.mytest" time="5.988" errors="0" timestamp="2025-09-07T17:48:36 EET" skipped="0">
  <testcase classname="test1.mytest" name="logintest" time="0.264"/>
  <testcase classname="test1.mytest" name="addItemsTest" time="0.092"/>
  <testcase classname="test1.mytest" name="Checkout" time="5.632"/>
</testsuite> <!-- test1.mytest -->
