<?xml version="1.0" encoding="UTF-8"?>
<!-- Generated by org.testng.reporters.JUnitReportReporter -->
<testsuite hostname="MohammadAbusalha" failures="0" tests="13" name="Automation.TestCases" time="39.990" errors="0" timestamp="2025-09-14T00:57:10 EET" skipped="3">
  <testcase classname="Automation.TestCases" name="addItemes" time="3.582"/>
  <testcase classname="Automation.TestCases" name="addItemes" time="4.874"/>
  <testcase classname="Automation.TestCases" name="addItemes" time="3.924"/>
  <testcase classname="Automation.TestCases" name="addItemes" time="4.221"/>
  <testcase classname="Automation.TestCases" name="addItemes" time="3.577"/>
  <testcase classname="Automation.TestCases" name="addItemes" time="5.094"/>
  <testcase classname="Automation.TestCases" name="addItemes" time="3.562"/>
  <testcase classname="Automation.TestCases" name="addItemes" time="3.429"/>
  <testcase classname="Automation.TestCases" name="addItemes" time="3.639"/>
  <testcase classname="Automation.TestCases" name="addItemes" time="4.088"/>
  <testcase classname="Automation.TestCases" name="LogoutTest">
    <skipped/>
  </testcase> <!-- LogoutTest -->
  <testcase classname="Automation.TestCases" name="signupTest">
    <skipped/>
  </testcase> <!-- signupTest -->
  <testcase classname="Automation.TestCases" name="LogInTest">
    <skipped/>
  </testcase> <!-- LogInTest -->
</testsuite> <!-- Automation.TestCases -->
